<?xml version="1.0" encoding="UTF-8"?>
<testsuite name="com.arifahmadalfian.ApplicationTest" tests="11" skipped="0" failures="4" errors="0" timestamp="2022-03-23T16:37:08" hostname="ARIFAHMADALFIAN" time="8.875">
  <properties/>
  <testcase name="access search heroes endpoint, query hero name, assert multiple heroes result" classname="com.arifahmadalfian.ApplicationTest" time="6.641"/>
  <testcase name="access all heroes endpoint, query invalid page number, assert error" classname="com.arifahmadalfian.ApplicationTest" time="0.075"/>
  <testcase name="access search heroes endpoint, query non existing hero, assert empty list as a result" classname="com.arifahmadalfian.ApplicationTest" time="0.05"/>
  <testcase name="access all heroes endpoint, query second, assert correct information" classname="com.arifahmadalfian.ApplicationTest" time="0.2">
    <failure message="java.lang.AssertionError: expected:&lt;ApiResponse(success=true, message=Ok, prevPage=1, nextPage=3, heroes=[Hero(id=4, name=Boruto, image=/images/boruto.png, about=Boruto Uzumaki (うずまきボルト, Uzumaki Boruto) is a shinobi from Konohagakure's Uzumaki clan and a direct descendant of the Hyūga clan through his mother. While initially resentful of his father and his absence since becoming Hokage, Boruto eventually comes to respect his father and duties., rating=4.9, power=95, month=Mar, day=27th, family=[Naruto, Hinata, Hanabi, Himawari, Kawaki], abilities=[Karma, Jogan, Rasengan, Intelligence], natureTypes=[Lightning, Wind, Water]), Hero(id=5, name=Sarada, image=/images/sarada.jpg, about=Sarada Uchiha (うちはサラダ, Uchiha Sarada) is a kunoichi from Konohagakure's Uchiha clan. Because she was raised only by her mother without having her father around, Sarada initially struggles to understand who she is or what she's supposed to be. After meeting him with the help of Naruto Uzumaki, Sarada comes to believe that she is defined by the connections she has with others, and as a member of Team Konohamaru, she seeks to someday become Hokage so that she can connect with as many people as possible., rating=4.9, power=95, month=Mar, day=31st, family=[Sasuke Uchiha, Sakura Uchiha], abilities=[Sharingan, Strength, Intelligence], natureTypes=[Lightning, Wind, Fire]), Hero(id=6, name=Mitsuki, image=/images/mitsuki.jpg, about=Mitsuki (ミツキ, Mitsuki) is a synthetic human that was created as a partial clone of Orochimaru. Immigrating to Konohagakure to confirm whether or not Boruto Uzumaki was his &quot;sun&quot;, he became a shinobi and was placed on Team Konohamaru. Mitsuki was created as a clone of Orochimaru, being cultivated from the same embryo as at least one older &quot;Mitsuki&quot;, and raised in a test tube., rating=4.9, power=95, month=Jul, day=25th, family=[Orochimaru, Log], abilities=[Senin Mode, Transformation, Intelligence], natureTypes=[Lightning, Wind])], lastUpdated=null)&gt; but was:&lt;ApiResponse(success=true, message=Ok, prevPage=1, nextPage=3, heroes=[Hero(id=4, name=Boruto, image=/images/boruto.png, about=Boruto Uzumaki (うずまきボルト, Uzumaki Boruto) is a shinobi from Konohagakure's Uzumaki clan and a direct descendant of the Hyūga clan through his mother. While initially resentful of his father and his absence since becoming Hokage, Boruto eventually comes to respect his father and duties., rating=4.9, power=95, month=Mar, day=27th, family=[Naruto, Hinata, Hanabi, Himawari, Kawaki], abilities=[Karma, Jogan, Rasengan, Intelligence], natureTypes=[Lightning, Wind, Water]), Hero(id=5, name=Sarada, image=/images/sarada.jpg, about=Sarada Uchiha (うちはサラダ, Uchiha Sarada) is a kunoichi from Konohagakure's Uchiha clan. Because she was raised only by her mother without having her father around, Sarada initially struggles to understand who she is or what she's supposed to be. After meeting him with the help of Naruto Uzumaki, Sarada comes to believe that she is defined by the connections she has with others, and as a member of Team Konohamaru, she seeks to someday become Hokage so that she can connect with as many people as possible., rating=4.9, power=95, month=Mar, day=31st, family=[Sasuke Uchiha, Sakura Uchiha], abilities=[Sharingan, Strength, Intelligence], natureTypes=[Lightning, Wind, Fire]), Hero(id=6, name=Mitsuki, image=/images/mitsuki.jpg, about=Mitsuki (ミツキ, Mitsuki) is a synthetic human that was created as a partial clone of Orochimaru. Immigrating to Konohagakure to confirm whether or not Boruto Uzumaki was his &quot;sun&quot;, he became a shinobi and was placed on Team Konohamaru. Mitsuki was created as a clone of Orochimaru, being cultivated from the same embryo as at least one older &quot;Mitsuki&quot;, and raised in a test tube., rating=4.9, power=95, month=Jul, day=25th, family=[Orochimaru, Log], abilities=[Senin Mode, Transformation, Intelligence], natureTypes=[Lightning, Wind])], lastUpdated=1648053435297)&gt;" type="java.lang.AssertionError">java.lang.AssertionError: expected:&lt;ApiResponse(success=true, message=Ok, prevPage=1, nextPage=3, heroes=[Hero(id=4, name=Boruto, image=/images/boruto.png, about=Boruto Uzumaki (うずまきボルト, Uzumaki Boruto) is a shinobi from Konohagakure's Uzumaki clan and a direct descendant of the Hyūga clan through his mother. While initially resentful of his father and his absence since becoming Hokage, Boruto eventually comes to respect his father and duties., rating=4.9, power=95, month=Mar, day=27th, family=[Naruto, Hinata, Hanabi, Himawari, Kawaki], abilities=[Karma, Jogan, Rasengan, Intelligence], natureTypes=[Lightning, Wind, Water]), Hero(id=5, name=Sarada, image=/images/sarada.jpg, about=Sarada Uchiha (うちはサラダ, Uchiha Sarada) is a kunoichi from Konohagakure's Uchiha clan. Because she was raised only by her mother without having her father around, Sarada initially struggles to understand who she is or what she's supposed to be. After meeting him with the help of Naruto Uzumaki, Sarada comes to believe that she is defined by the connections she has with others, and as a member of Team Konohamaru, she seeks to someday become Hokage so that she can connect with as many people as possible., rating=4.9, power=95, month=Mar, day=31st, family=[Sasuke Uchiha, Sakura Uchiha], abilities=[Sharingan, Strength, Intelligence], natureTypes=[Lightning, Wind, Fire]), Hero(id=6, name=Mitsuki, image=/images/mitsuki.jpg, about=Mitsuki (ミツキ, Mitsuki) is a synthetic human that was created as a partial clone of Orochimaru. Immigrating to Konohagakure to confirm whether or not Boruto Uzumaki was his &quot;sun&quot;, he became a shinobi and was placed on Team Konohamaru. Mitsuki was created as a clone of Orochimaru, being cultivated from the same embryo as at least one older &quot;Mitsuki&quot;, and raised in a test tube., rating=4.9, power=95, month=Jul, day=25th, family=[Orochimaru, Log], abilities=[Senin Mode, Transformation, Intelligence], natureTypes=[Lightning, Wind])], lastUpdated=null)&gt; but was:&lt;ApiResponse(success=true, message=Ok, prevPage=1, nextPage=3, heroes=[Hero(id=4, name=Boruto, image=/images/boruto.png, about=Boruto Uzumaki (うずまきボルト, Uzumaki Boruto) is a shinobi from Konohagakure's Uzumaki clan and a direct descendant of the Hyūga clan through his mother. While initially resentful of his father and his absence since becoming Hokage, Boruto eventually comes to respect his father and duties., rating=4.9, power=95, month=Mar, day=27th, family=[Naruto, Hinata, Hanabi, Himawari, Kawaki], abilities=[Karma, Jogan, Rasengan, Intelligence], natureTypes=[Lightning, Wind, Water]), Hero(id=5, name=Sarada, image=/images/sarada.jpg, about=Sarada Uchiha (うちはサラダ, Uchiha Sarada) is a kunoichi from Konohagakure's Uchiha clan. Because she was raised only by her mother without having her father around, Sarada initially struggles to understand who she is or what she's supposed to be. After meeting him with the help of Naruto Uzumaki, Sarada comes to believe that she is defined by the connections she has with others, and as a member of Team Konohamaru, she seeks to someday become Hokage so that she can connect with as many people as possible., rating=4.9, power=95, month=Mar, day=31st, family=[Sasuke Uchiha, Sakura Uchiha], abilities=[Sharingan, Strength, Intelligence], natureTypes=[Lightning, Wind, Fire]), Hero(id=6, name=Mitsuki, image=/images/mitsuki.jpg, about=Mitsuki (ミツキ, Mitsuki) is a synthetic human that was created as a partial clone of Orochimaru. Immigrating to Konohagakure to confirm whether or not Boruto Uzumaki was his &quot;sun&quot;, he became a shinobi and was placed on Team Konohamaru. Mitsuki was created as a clone of Orochimaru, being cultivated from the same embryo as at least one older &quot;Mitsuki&quot;, and raised in a test tube., rating=4.9, power=95, month=Jul, day=25th, family=[Orochimaru, Log], abilities=[Senin Mode, Transformation, Intelligence], natureTypes=[Lightning, Wind])], lastUpdated=1648053435297)&gt;
	at org.junit.Assert.fail(Assert.java:89)
	at org.junit.Assert.failNotEquals(Assert.java:835)
	at org.junit.Assert.assertEquals(Assert.java:120)
	at kotlin.test.junit.JUnitAsserter.assertEquals(JUnitSupport.kt:32)
	at kotlin.test.AssertionsKt__AssertionsKt.assertEquals(Assertions.kt:63)
	at kotlin.test.AssertionsKt.assertEquals(Unknown Source)
	at kotlin.test.AssertionsKt__AssertionsKt.assertEquals$default(Assertions.kt:62)
	at kotlin.test.AssertionsKt.assertEquals$default(Unknown Source)
	at com.arifahmadalfian.ApplicationTest$access all heroes endpoint, query second, assert correct information$2.invoke(ApplicationTest.kt:79)
	at com.arifahmadalfian.ApplicationTest$access all heroes endpoint, query second, assert correct information$2.invoke(ApplicationTest.kt:63)
	at io.ktor.server.testing.TestEngineKt$withTestApplication$1.invoke(TestEngine.kt:68)
	at io.ktor.server.testing.TestEngineKt$withTestApplication$1.invoke(TestEngine.kt:66)
	at io.ktor.server.testing.TestEngineKt.withApplication(TestEngine.kt:49)
	at io.ktor.server.testing.TestEngineKt.withApplication$default(TestEngine.kt:41)
	at io.ktor.server.testing.TestEngineKt.withTestApplication(TestEngine.kt:66)
	at com.arifahmadalfian.ApplicationTest.access all heroes endpoint, query second, assert correct information(ApplicationTest.kt:63)
	at java.base/jdk.internal.reflect.NativeMethodAccessorImpl.invoke0(Native Method)
	at java.base/jdk.internal.reflect.NativeMethodAccessorImpl.invoke(NativeMethodAccessorImpl.java:62)
	at java.base/jdk.internal.reflect.DelegatingMethodAccessorImpl.invoke(DelegatingMethodAccessorImpl.java:43)
	at java.base/java.lang.reflect.Method.invoke(Method.java:566)
	at org.junit.runners.model.FrameworkMethod$1.runReflectiveCall(FrameworkMethod.java:59)
	at org.junit.internal.runners.model.ReflectiveCallable.run(ReflectiveCallable.java:12)
	at org.junit.runners.model.FrameworkMethod.invokeExplosively(FrameworkMethod.java:56)
	at org.junit.internal.runners.statements.InvokeMethod.evaluate(InvokeMethod.java:17)
	at org.junit.runners.ParentRunner$3.evaluate(ParentRunner.java:306)
	at org.junit.runners.BlockJUnit4ClassRunner$1.evaluate(BlockJUnit4ClassRunner.java:100)
	at org.junit.runners.ParentRunner.runLeaf(ParentRunner.java:366)
	at org.junit.runners.BlockJUnit4ClassRunner.runChild(BlockJUnit4ClassRunner.java:103)
	at org.junit.runners.BlockJUnit4ClassRunner.runChild(BlockJUnit4ClassRunner.java:63)
	at org.junit.runners.ParentRunner$4.run(ParentRunner.java:331)
	at org.junit.runners.ParentRunner$1.schedule(ParentRunner.java:79)
	at org.junit.runners.ParentRunner.runChildren(ParentRunner.java:329)
	at org.junit.runners.ParentRunner.access$100(ParentRunner.java:66)
	at org.junit.runners.ParentRunner$2.evaluate(ParentRunner.java:293)
	at org.junit.runners.ParentRunner$3.evaluate(ParentRunner.java:306)
	at org.junit.runners.ParentRunner.run(ParentRunner.java:413)
	at org.gradle.api.internal.tasks.testing.junit.JUnitTestClassExecutor.runTestClass(JUnitTestClassExecutor.java:110)
	at org.gradle.api.internal.tasks.testing.junit.JUnitTestClassExecutor.execute(JUnitTestClassExecutor.java:58)
	at org.gradle.api.internal.tasks.testing.junit.JUnitTestClassExecutor.execute(JUnitTestClassExecutor.java:38)
	at org.gradle.api.internal.tasks.testing.junit.AbstractJUnitTestClassProcessor.processTestClass(AbstractJUnitTestClassProcessor.java:62)
	at org.gradle.api.internal.tasks.testing.SuiteTestClassProcessor.processTestClass(SuiteTestClassProcessor.java:51)
	at java.base/jdk.internal.reflect.NativeMethodAccessorImpl.invoke0(Native Method)
	at java.base/jdk.internal.reflect.NativeMethodAccessorImpl.invoke(NativeMethodAccessorImpl.java:62)
	at java.base/jdk.internal.reflect.DelegatingMethodAccessorImpl.invoke(DelegatingMethodAccessorImpl.java:43)
	at java.base/java.lang.reflect.Method.invoke(Method.java:566)
	at org.gradle.internal.dispatch.ReflectionDispatch.dispatch(ReflectionDispatch.java:36)
	at org.gradle.internal.dispatch.ReflectionDispatch.dispatch(ReflectionDispatch.java:24)
	at org.gradle.internal.dispatch.ContextClassLoaderDispatch.dispatch(ContextClassLoaderDispatch.java:33)
	at org.gradle.internal.dispatch.ProxyDispatchAdapter$DispatchingInvocationHandler.invoke(ProxyDispatchAdapter.java:94)
	at com.sun.proxy.$Proxy2.processTestClass(Unknown Source)
	at org.gradle.api.internal.tasks.testing.worker.TestWorker.processTestClass(TestWorker.java:119)
	at java.base/jdk.internal.reflect.NativeMethodAccessorImpl.invoke0(Native Method)
	at java.base/jdk.internal.reflect.NativeMethodAccessorImpl.invoke(NativeMethodAccessorImpl.java:62)
	at java.base/jdk.internal.reflect.DelegatingMethodAccessorImpl.invoke(DelegatingMethodAccessorImpl.java:43)
	at java.base/java.lang.reflect.Method.invoke(Method.java:566)
	at org.gradle.internal.dispatch.ReflectionDispatch.dispatch(ReflectionDispatch.java:36)
	at org.gradle.internal.dispatch.ReflectionDispatch.dispatch(ReflectionDispatch.java:24)
	at org.gradle.internal.remote.internal.hub.MessageHubBackedObjectConnection$DispatchWrapper.dispatch(MessageHubBackedObjectConnection.java:182)
	at org.gradle.internal.remote.internal.hub.MessageHubBackedObjectConnection$DispatchWrapper.dispatch(MessageHubBackedObjectConnection.java:164)
	at org.gradle.internal.remote.internal.hub.MessageHub$Handler.run(MessageHub.java:414)
	at org.gradle.internal.concurrent.ExecutorPolicy$CatchAndRecordFailures.onExecute(ExecutorPolicy.java:64)
	at org.gradle.internal.concurrent.ManagedExecutorImpl$1.run(ManagedExecutorImpl.java:48)
	at java.base/java.util.concurrent.ThreadPoolExecutor.runWorker(ThreadPoolExecutor.java:1128)
	at java.base/java.util.concurrent.ThreadPoolExecutor$Worker.run(ThreadPoolExecutor.java:628)
	at org.gradle.internal.concurrent.ThreadFactoryImpl$ManagedThreadRunnable.run(ThreadFactoryImpl.java:56)
	at java.base/java.lang.Thread.run(Thread.java:834)
</failure>
  </testcase>
  <testcase name="access search heroes endpoint, query hero name, assert single hero result" classname="com.arifahmadalfian.ApplicationTest" time="0.075"/>
  <testcase name="access search heroes endpoint, query an empty text, assert empty list as a result" classname="com.arifahmadalfian.ApplicationTest" time="0.075"/>
  <testcase name="access all heroes endpoint, query all pages, assert correct information" classname="com.arifahmadalfian.ApplicationTest" time="0.145">
    <failure message="java.lang.AssertionError: expected:&lt;ApiResponse(success=true, message=Ok, prevPage=null, nextPage=2, heroes=[Hero(id=1, name=Sasuke, image=/images/sasuke.jpg, about=Sasuke Uchiha (うちはサスケ, Uchiha Sasuke) is one of the last surviving members of Konohagakure's Uchiha clan. After his older brother, Itachi, slaughtered their clan, Sasuke made it his mission in life to avenge them by killing Itachi. He is added to Team 7 upon becoming a ninja and, through competition with his rival and best friend, Naruto Uzumaki., rating=5.0, power=98, month=July, day=23rd, family=[Fugaku, Mikoto, Itachi, Sarada, Sakura], abilities=[Sharingan, Rinnegan, Sussano, Amateratsu, Intelligence], natureTypes=[Lightning, Fire, Wind, Earth, Water]), Hero(id=2, name=Naruto, image=/images/naruto.jpg, about=Naruto Uzumaki (うずまきナルト, Uzumaki Naruto) is a shinobi of Konohagakure's Uzumaki clan. He became the jinchūriki of the Nine-Tails on the day of his birth — a fate that caused him to be shunned by most of Konoha throughout his childhood. After joining Team Kakashi, Naruto worked hard to gain the village's acknowledgement all the while chasing his dream to become Hokage., rating=5.0, power=98, month=Oct, day=10th, family=[Minato, Kushina, Boruto, Himawari, Hinata], abilities=[Rasengan, Rasen-Shuriken, Shadow Clone, Senin Mode], natureTypes=[Wind, Earth, Lava, Fire]), Hero(id=3, name=Sakura, image=/images/sakura.jpg, about=Sakura Uchiha (うちはサクラ, Uchiha Sakura, née Haruno (春野)) is a kunoichi of Konohagakure. When assigned to Team 7, Sakura quickly finds herself ill-prepared for the duties of a shinobi. However, after training under the Sannin Tsunade, she overcomes this, and becomes recognised as one of the greatest medical-nin in the world., rating=4.5, power=92, month=Mar, day=28th, family=[Kizashi, Mebuki, Sarada, Sasuke], abilities=[Chakra Control, Medical Ninjutsu, Strength, Intelligence], natureTypes=[Earth, Water, Fire])], lastUpdated=null)&gt; but was:&lt;ApiResponse(success=true, message=Ok, prevPage=null, nextPage=2, heroes=[Hero(id=1, name=Sasuke, image=/images/sasuke.jpg, about=Sasuke Uchiha (うちはサスケ, Uchiha Sasuke) is one of the last surviving members of Konohagakure's Uchiha clan. After his older brother, Itachi, slaughtered their clan, Sasuke made it his mission in life to avenge them by killing Itachi. He is added to Team 7 upon becoming a ninja and, through competition with his rival and best friend, Naruto Uzumaki., rating=5.0, power=98, month=July, day=23rd, family=[Fugaku, Mikoto, Itachi, Sarada, Sakura], abilities=[Sharingan, Rinnegan, Sussano, Amateratsu, Intelligence], natureTypes=[Lightning, Fire, Wind, Earth, Water]), Hero(id=2, name=Naruto, image=/images/naruto.jpg, about=Naruto Uzumaki (うずまきナルト, Uzumaki Naruto) is a shinobi of Konohagakure's Uzumaki clan. He became the jinchūriki of the Nine-Tails on the day of his birth — a fate that caused him to be shunned by most of Konoha throughout his childhood. After joining Team Kakashi, Naruto worked hard to gain the village's acknowledgement all the while chasing his dream to become Hokage., rating=5.0, power=98, month=Oct, day=10th, family=[Minato, Kushina, Boruto, Himawari, Hinata], abilities=[Rasengan, Rasen-Shuriken, Shadow Clone, Senin Mode], natureTypes=[Wind, Earth, Lava, Fire]), Hero(id=3, name=Sakura, image=/images/sakura.jpg, about=Sakura Uchiha (うちはサクラ, Uchiha Sakura, née Haruno (春野)) is a kunoichi of Konohagakure. When assigned to Team 7, Sakura quickly finds herself ill-prepared for the duties of a shinobi. However, after training under the Sannin Tsunade, she overcomes this, and becomes recognised as one of the greatest medical-nin in the world., rating=4.5, power=92, month=Mar, day=28th, family=[Kizashi, Mebuki, Sarada, Sasuke], abilities=[Chakra Control, Medical Ninjutsu, Strength, Intelligence], natureTypes=[Earth, Water, Fire])], lastUpdated=1648053435625)&gt;" type="java.lang.AssertionError">java.lang.AssertionError: expected:&lt;ApiResponse(success=true, message=Ok, prevPage=null, nextPage=2, heroes=[Hero(id=1, name=Sasuke, image=/images/sasuke.jpg, about=Sasuke Uchiha (うちはサスケ, Uchiha Sasuke) is one of the last surviving members of Konohagakure's Uchiha clan. After his older brother, Itachi, slaughtered their clan, Sasuke made it his mission in life to avenge them by killing Itachi. He is added to Team 7 upon becoming a ninja and, through competition with his rival and best friend, Naruto Uzumaki., rating=5.0, power=98, month=July, day=23rd, family=[Fugaku, Mikoto, Itachi, Sarada, Sakura], abilities=[Sharingan, Rinnegan, Sussano, Amateratsu, Intelligence], natureTypes=[Lightning, Fire, Wind, Earth, Water]), Hero(id=2, name=Naruto, image=/images/naruto.jpg, about=Naruto Uzumaki (うずまきナルト, Uzumaki Naruto) is a shinobi of Konohagakure's Uzumaki clan. He became the jinchūriki of the Nine-Tails on the day of his birth — a fate that caused him to be shunned by most of Konoha throughout his childhood. After joining Team Kakashi, Naruto worked hard to gain the village's acknowledgement all the while chasing his dream to become Hokage., rating=5.0, power=98, month=Oct, day=10th, family=[Minato, Kushina, Boruto, Himawari, Hinata], abilities=[Rasengan, Rasen-Shuriken, Shadow Clone, Senin Mode], natureTypes=[Wind, Earth, Lava, Fire]), Hero(id=3, name=Sakura, image=/images/sakura.jpg, about=Sakura Uchiha (うちはサクラ, Uchiha Sakura, née Haruno (春野)) is a kunoichi of Konohagakure. When assigned to Team 7, Sakura quickly finds herself ill-prepared for the duties of a shinobi. However, after training under the Sannin Tsunade, she overcomes this, and becomes recognised as one of the greatest medical-nin in the world., rating=4.5, power=92, month=Mar, day=28th, family=[Kizashi, Mebuki, Sarada, Sasuke], abilities=[Chakra Control, Medical Ninjutsu, Strength, Intelligence], natureTypes=[Earth, Water, Fire])], lastUpdated=null)&gt; but was:&lt;ApiResponse(success=true, message=Ok, prevPage=null, nextPage=2, heroes=[Hero(id=1, name=Sasuke, image=/images/sasuke.jpg, about=Sasuke Uchiha (うちはサスケ, Uchiha Sasuke) is one of the last surviving members of Konohagakure's Uchiha clan. After his older brother, Itachi, slaughtered their clan, Sasuke made it his mission in life to avenge them by killing Itachi. He is added to Team 7 upon becoming a ninja and, through competition with his rival and best friend, Naruto Uzumaki., rating=5.0, power=98, month=July, day=23rd, family=[Fugaku, Mikoto, Itachi, Sarada, Sakura], abilities=[Sharingan, Rinnegan, Sussano, Amateratsu, Intelligence], natureTypes=[Lightning, Fire, Wind, Earth, Water]), Hero(id=2, name=Naruto, image=/images/naruto.jpg, about=Naruto Uzumaki (うずまきナルト, Uzumaki Naruto) is a shinobi of Konohagakure's Uzumaki clan. He became the jinchūriki of the Nine-Tails on the day of his birth — a fate that caused him to be shunned by most of Konoha throughout his childhood. After joining Team Kakashi, Naruto worked hard to gain the village's acknowledgement all the while chasing his dream to become Hokage., rating=5.0, power=98, month=Oct, day=10th, family=[Minato, Kushina, Boruto, Himawari, Hinata], abilities=[Rasengan, Rasen-Shuriken, Shadow Clone, Senin Mode], natureTypes=[Wind, Earth, Lava, Fire]), Hero(id=3, name=Sakura, image=/images/sakura.jpg, about=Sakura Uchiha (うちはサクラ, Uchiha Sakura, née Haruno (春野)) is a kunoichi of Konohagakure. When assigned to Team 7, Sakura quickly finds herself ill-prepared for the duties of a shinobi. However, after training under the Sannin Tsunade, she overcomes this, and becomes recognised as one of the greatest medical-nin in the world., rating=4.5, power=92, month=Mar, day=28th, family=[Kizashi, Mebuki, Sarada, Sasuke], abilities=[Chakra Control, Medical Ninjutsu, Strength, Intelligence], natureTypes=[Earth, Water, Fire])], lastUpdated=1648053435625)&gt;
	at org.junit.Assert.fail(Assert.java:89)
	at org.junit.Assert.failNotEquals(Assert.java:835)
	at org.junit.Assert.assertEquals(Assert.java:120)
	at kotlin.test.junit.JUnitAsserter.assertEquals(JUnitSupport.kt:32)
	at kotlin.test.AssertionsKt__AssertionsKt.assertEquals(Assertions.kt:63)
	at kotlin.test.AssertionsKt.assertEquals(Unknown Source)
	at kotlin.test.AssertionsKt__AssertionsKt.assertEquals$default(Assertions.kt:62)
	at kotlin.test.AssertionsKt.assertEquals$default(Unknown Source)
	at com.arifahmadalfian.ApplicationTest$access all heroes endpoint, query all pages, assert correct information$2.invoke(ApplicationTest.kt:113)
	at com.arifahmadalfian.ApplicationTest$access all heroes endpoint, query all pages, assert correct information$2.invoke(ApplicationTest.kt:89)
	at io.ktor.server.testing.TestEngineKt$withTestApplication$1.invoke(TestEngine.kt:68)
	at io.ktor.server.testing.TestEngineKt$withTestApplication$1.invoke(TestEngine.kt:66)
	at io.ktor.server.testing.TestEngineKt.withApplication(TestEngine.kt:49)
	at io.ktor.server.testing.TestEngineKt.withApplication$default(TestEngine.kt:41)
	at io.ktor.server.testing.TestEngineKt.withTestApplication(TestEngine.kt:66)
	at com.arifahmadalfian.ApplicationTest.access all heroes endpoint, query all pages, assert correct information(ApplicationTest.kt:89)
	at java.base/jdk.internal.reflect.NativeMethodAccessorImpl.invoke0(Native Method)
	at java.base/jdk.internal.reflect.NativeMethodAccessorImpl.invoke(NativeMethodAccessorImpl.java:62)
	at java.base/jdk.internal.reflect.DelegatingMethodAccessorImpl.invoke(DelegatingMethodAccessorImpl.java:43)
	at java.base/java.lang.reflect.Method.invoke(Method.java:566)
	at org.junit.runners.model.FrameworkMethod$1.runReflectiveCall(FrameworkMethod.java:59)
	at org.junit.internal.runners.model.ReflectiveCallable.run(ReflectiveCallable.java:12)
	at org.junit.runners.model.FrameworkMethod.invokeExplosively(FrameworkMethod.java:56)
	at org.junit.internal.runners.statements.InvokeMethod.evaluate(InvokeMethod.java:17)
	at org.junit.runners.ParentRunner$3.evaluate(ParentRunner.java:306)
	at org.junit.runners.BlockJUnit4ClassRunner$1.evaluate(BlockJUnit4ClassRunner.java:100)
	at org.junit.runners.ParentRunner.runLeaf(ParentRunner.java:366)
	at org.junit.runners.BlockJUnit4ClassRunner.runChild(BlockJUnit4ClassRunner.java:103)
	at org.junit.runners.BlockJUnit4ClassRunner.runChild(BlockJUnit4ClassRunner.java:63)
	at org.junit.runners.ParentRunner$4.run(ParentRunner.java:331)
	at org.junit.runners.ParentRunner$1.schedule(ParentRunner.java:79)
	at org.junit.runners.ParentRunner.runChildren(ParentRunner.java:329)
	at org.junit.runners.ParentRunner.access$100(ParentRunner.java:66)
	at org.junit.runners.ParentRunner$2.evaluate(ParentRunner.java:293)
	at org.junit.runners.ParentRunner$3.evaluate(ParentRunner.java:306)
	at org.junit.runners.ParentRunner.run(ParentRunner.java:413)
	at org.gradle.api.internal.tasks.testing.junit.JUnitTestClassExecutor.runTestClass(JUnitTestClassExecutor.java:110)
	at org.gradle.api.internal.tasks.testing.junit.JUnitTestClassExecutor.execute(JUnitTestClassExecutor.java:58)
	at org.gradle.api.internal.tasks.testing.junit.JUnitTestClassExecutor.execute(JUnitTestClassExecutor.java:38)
	at org.gradle.api.internal.tasks.testing.junit.AbstractJUnitTestClassProcessor.processTestClass(AbstractJUnitTestClassProcessor.java:62)
	at org.gradle.api.internal.tasks.testing.SuiteTestClassProcessor.processTestClass(SuiteTestClassProcessor.java:51)
	at java.base/jdk.internal.reflect.NativeMethodAccessorImpl.invoke0(Native Method)
	at java.base/jdk.internal.reflect.NativeMethodAccessorImpl.invoke(NativeMethodAccessorImpl.java:62)
	at java.base/jdk.internal.reflect.DelegatingMethodAccessorImpl.invoke(DelegatingMethodAccessorImpl.java:43)
	at java.base/java.lang.reflect.Method.invoke(Method.java:566)
	at org.gradle.internal.dispatch.ReflectionDispatch.dispatch(ReflectionDispatch.java:36)
	at org.gradle.internal.dispatch.ReflectionDispatch.dispatch(ReflectionDispatch.java:24)
	at org.gradle.internal.dispatch.ContextClassLoaderDispatch.dispatch(ContextClassLoaderDispatch.java:33)
	at org.gradle.internal.dispatch.ProxyDispatchAdapter$DispatchingInvocationHandler.invoke(ProxyDispatchAdapter.java:94)
	at com.sun.proxy.$Proxy2.processTestClass(Unknown Source)
	at org.gradle.api.internal.tasks.testing.worker.TestWorker.processTestClass(TestWorker.java:119)
	at java.base/jdk.internal.reflect.NativeMethodAccessorImpl.invoke0(Native Method)
	at java.base/jdk.internal.reflect.NativeMethodAccessorImpl.invoke(NativeMethodAccessorImpl.java:62)
	at java.base/jdk.internal.reflect.DelegatingMethodAccessorImpl.invoke(DelegatingMethodAccessorImpl.java:43)
	at java.base/java.lang.reflect.Method.invoke(Method.java:566)
	at org.gradle.internal.dispatch.ReflectionDispatch.dispatch(ReflectionDispatch.java:36)
	at org.gradle.internal.dispatch.ReflectionDispatch.dispatch(ReflectionDispatch.java:24)
	at org.gradle.internal.remote.internal.hub.MessageHubBackedObjectConnection$DispatchWrapper.dispatch(MessageHubBackedObjectConnection.java:182)
	at org.gradle.internal.remote.internal.hub.MessageHubBackedObjectConnection$DispatchWrapper.dispatch(MessageHubBackedObjectConnection.java:164)
	at org.gradle.internal.remote.internal.hub.MessageHub$Handler.run(MessageHub.java:414)
	at org.gradle.internal.concurrent.ExecutorPolicy$CatchAndRecordFailures.onExecute(ExecutorPolicy.java:64)
	at org.gradle.internal.concurrent.ManagedExecutorImpl$1.run(ManagedExecutorImpl.java:48)
	at java.base/java.util.concurrent.ThreadPoolExecutor.runWorker(ThreadPoolExecutor.java:1128)
	at java.base/java.util.concurrent.ThreadPoolExecutor$Worker.run(ThreadPoolExecutor.java:628)
	at org.gradle.internal.concurrent.ThreadFactoryImpl$ManagedThreadRunnable.run(ThreadFactoryImpl.java:56)
	at java.base/java.lang.Thread.run(Thread.java:834)
</failure>
  </testcase>
  <testcase name="access non existing endpoint,assert not found" classname="com.arifahmadalfian.ApplicationTest" time="0.26">
    <failure message="org.junit.ComparisonFailure: expected:&lt;Page [not Found.]&gt; but was:&lt;Page [Not Found]&gt;" type="org.junit.ComparisonFailure">org.junit.ComparisonFailure: expected:&lt;Page [not Found.]&gt; but was:&lt;Page [Not Found]&gt;
	at org.junit.Assert.assertEquals(Assert.java:117)
	at kotlin.test.junit.JUnitAsserter.assertEquals(JUnitSupport.kt:32)
	at kotlin.test.AssertionsKt__AssertionsKt.assertEquals(Assertions.kt:63)
	at kotlin.test.AssertionsKt.assertEquals(Unknown Source)
	at kotlin.test.AssertionsKt__AssertionsKt.assertEquals$default(Assertions.kt:62)
	at kotlin.test.AssertionsKt.assertEquals$default(Unknown Source)
	at com.arifahmadalfian.ApplicationTest$access non existing endpoint,assert not found$2.invoke(ApplicationTest.kt:217)
	at com.arifahmadalfian.ApplicationTest$access non existing endpoint,assert not found$2.invoke(ApplicationTest.kt:214)
	at io.ktor.server.testing.TestEngineKt$withTestApplication$1.invoke(TestEngine.kt:68)
	at io.ktor.server.testing.TestEngineKt$withTestApplication$1.invoke(TestEngine.kt:66)
	at io.ktor.server.testing.TestEngineKt.withApplication(TestEngine.kt:49)
	at io.ktor.server.testing.TestEngineKt.withApplication$default(TestEngine.kt:41)
	at io.ktor.server.testing.TestEngineKt.withTestApplication(TestEngine.kt:66)
	at com.arifahmadalfian.ApplicationTest.access non existing endpoint,assert not found(ApplicationTest.kt:214)
	at java.base/jdk.internal.reflect.NativeMethodAccessorImpl.invoke0(Native Method)
	at java.base/jdk.internal.reflect.NativeMethodAccessorImpl.invoke(NativeMethodAccessorImpl.java:62)
	at java.base/jdk.internal.reflect.DelegatingMethodAccessorImpl.invoke(DelegatingMethodAccessorImpl.java:43)
	at java.base/java.lang.reflect.Method.invoke(Method.java:566)
	at org.junit.runners.model.FrameworkMethod$1.runReflectiveCall(FrameworkMethod.java:59)
	at org.junit.internal.runners.model.ReflectiveCallable.run(ReflectiveCallable.java:12)
	at org.junit.runners.model.FrameworkMethod.invokeExplosively(FrameworkMethod.java:56)
	at org.junit.internal.runners.statements.InvokeMethod.evaluate(InvokeMethod.java:17)
	at org.junit.runners.ParentRunner$3.evaluate(ParentRunner.java:306)
	at org.junit.runners.BlockJUnit4ClassRunner$1.evaluate(BlockJUnit4ClassRunner.java:100)
	at org.junit.runners.ParentRunner.runLeaf(ParentRunner.java:366)
	at org.junit.runners.BlockJUnit4ClassRunner.runChild(BlockJUnit4ClassRunner.java:103)
	at org.junit.runners.BlockJUnit4ClassRunner.runChild(BlockJUnit4ClassRunner.java:63)
	at org.junit.runners.ParentRunner$4.run(ParentRunner.java:331)
	at org.junit.runners.ParentRunner$1.schedule(ParentRunner.java:79)
	at org.junit.runners.ParentRunner.runChildren(ParentRunner.java:329)
	at org.junit.runners.ParentRunner.access$100(ParentRunner.java:66)
	at org.junit.runners.ParentRunner$2.evaluate(ParentRunner.java:293)
	at org.junit.runners.ParentRunner$3.evaluate(ParentRunner.java:306)
	at org.junit.runners.ParentRunner.run(ParentRunner.java:413)
	at org.gradle.api.internal.tasks.testing.junit.JUnitTestClassExecutor.runTestClass(JUnitTestClassExecutor.java:110)
	at org.gradle.api.internal.tasks.testing.junit.JUnitTestClassExecutor.execute(JUnitTestClassExecutor.java:58)
	at org.gradle.api.internal.tasks.testing.junit.JUnitTestClassExecutor.execute(JUnitTestClassExecutor.java:38)
	at org.gradle.api.internal.tasks.testing.junit.AbstractJUnitTestClassProcessor.processTestClass(AbstractJUnitTestClassProcessor.java:62)
	at org.gradle.api.internal.tasks.testing.SuiteTestClassProcessor.processTestClass(SuiteTestClassProcessor.java:51)
	at java.base/jdk.internal.reflect.NativeMethodAccessorImpl.invoke0(Native Method)
	at java.base/jdk.internal.reflect.NativeMethodAccessorImpl.invoke(NativeMethodAccessorImpl.java:62)
	at java.base/jdk.internal.reflect.DelegatingMethodAccessorImpl.invoke(DelegatingMethodAccessorImpl.java:43)
	at java.base/java.lang.reflect.Method.invoke(Method.java:566)
	at org.gradle.internal.dispatch.ReflectionDispatch.dispatch(ReflectionDispatch.java:36)
	at org.gradle.internal.dispatch.ReflectionDispatch.dispatch(ReflectionDispatch.java:24)
	at org.gradle.internal.dispatch.ContextClassLoaderDispatch.dispatch(ContextClassLoaderDispatch.java:33)
	at org.gradle.internal.dispatch.ProxyDispatchAdapter$DispatchingInvocationHandler.invoke(ProxyDispatchAdapter.java:94)
	at com.sun.proxy.$Proxy2.processTestClass(Unknown Source)
	at org.gradle.api.internal.tasks.testing.worker.TestWorker.processTestClass(TestWorker.java:119)
	at java.base/jdk.internal.reflect.NativeMethodAccessorImpl.invoke0(Native Method)
	at java.base/jdk.internal.reflect.NativeMethodAccessorImpl.invoke(NativeMethodAccessorImpl.java:62)
	at java.base/jdk.internal.reflect.DelegatingMethodAccessorImpl.invoke(DelegatingMethodAccessorImpl.java:43)
	at java.base/java.lang.reflect.Method.invoke(Method.java:566)
	at org.gradle.internal.dispatch.ReflectionDispatch.dispatch(ReflectionDispatch.java:36)
	at org.gradle.internal.dispatch.ReflectionDispatch.dispatch(ReflectionDispatch.java:24)
	at org.gradle.internal.remote.internal.hub.MessageHubBackedObjectConnection$DispatchWrapper.dispatch(MessageHubBackedObjectConnection.java:182)
	at org.gradle.internal.remote.internal.hub.MessageHubBackedObjectConnection$DispatchWrapper.dispatch(MessageHubBackedObjectConnection.java:164)
	at org.gradle.internal.remote.internal.hub.MessageHub$Handler.run(MessageHub.java:414)
	at org.gradle.internal.concurrent.ExecutorPolicy$CatchAndRecordFailures.onExecute(ExecutorPolicy.java:64)
	at org.gradle.internal.concurrent.ManagedExecutorImpl$1.run(ManagedExecutorImpl.java:48)
	at java.base/java.util.concurrent.ThreadPoolExecutor.runWorker(ThreadPoolExecutor.java:1128)
	at java.base/java.util.concurrent.ThreadPoolExecutor$Worker.run(ThreadPoolExecutor.java:628)
	at org.gradle.internal.concurrent.ThreadFactoryImpl$ManagedThreadRunnable.run(ThreadFactoryImpl.java:56)
	at java.base/java.lang.Thread.run(Thread.java:834)
</failure>
  </testcase>
  <testcase name="access root endpoint, assert correct information" classname="com.arifahmadalfian.ApplicationTest" time="0.251"/>
  <testcase name="access all heroes endpoint, assert correct information" classname="com.arifahmadalfian.ApplicationTest" time="0.862">
    <failure message="java.lang.AssertionError: expected:&lt;ApiResponse(success=true, message=Ok, prevPage=null, nextPage=2, heroes=[Hero(id=1, name=Sasuke, image=/images/sasuke.jpg, about=Sasuke Uchiha (うちはサスケ, Uchiha Sasuke) is one of the last surviving members of Konohagakure's Uchiha clan. After his older brother, Itachi, slaughtered their clan, Sasuke made it his mission in life to avenge them by killing Itachi. He is added to Team 7 upon becoming a ninja and, through competition with his rival and best friend, Naruto Uzumaki., rating=5.0, power=98, month=July, day=23rd, family=[Fugaku, Mikoto, Itachi, Sarada, Sakura], abilities=[Sharingan, Rinnegan, Sussano, Amateratsu, Intelligence], natureTypes=[Lightning, Fire, Wind, Earth, Water]), Hero(id=2, name=Naruto, image=/images/naruto.jpg, about=Naruto Uzumaki (うずまきナルト, Uzumaki Naruto) is a shinobi of Konohagakure's Uzumaki clan. He became the jinchūriki of the Nine-Tails on the day of his birth — a fate that caused him to be shunned by most of Konoha throughout his childhood. After joining Team Kakashi, Naruto worked hard to gain the village's acknowledgement all the while chasing his dream to become Hokage., rating=5.0, power=98, month=Oct, day=10th, family=[Minato, Kushina, Boruto, Himawari, Hinata], abilities=[Rasengan, Rasen-Shuriken, Shadow Clone, Senin Mode], natureTypes=[Wind, Earth, Lava, Fire]), Hero(id=3, name=Sakura, image=/images/sakura.jpg, about=Sakura Uchiha (うちはサクラ, Uchiha Sakura, née Haruno (春野)) is a kunoichi of Konohagakure. When assigned to Team 7, Sakura quickly finds herself ill-prepared for the duties of a shinobi. However, after training under the Sannin Tsunade, she overcomes this, and becomes recognised as one of the greatest medical-nin in the world., rating=4.5, power=92, month=Mar, day=28th, family=[Kizashi, Mebuki, Sarada, Sasuke], abilities=[Chakra Control, Medical Ninjutsu, Strength, Intelligence], natureTypes=[Earth, Water, Fire])], lastUpdated=null)&gt; but was:&lt;ApiResponse(success=true, message=Ok, prevPage=null, nextPage=2, heroes=[Hero(id=1, name=Sasuke, image=/images/sasuke.jpg, about=Sasuke Uchiha (うちはサスケ, Uchiha Sasuke) is one of the last surviving members of Konohagakure's Uchiha clan. After his older brother, Itachi, slaughtered their clan, Sasuke made it his mission in life to avenge them by killing Itachi. He is added to Team 7 upon becoming a ninja and, through competition with his rival and best friend, Naruto Uzumaki., rating=5.0, power=98, month=July, day=23rd, family=[Fugaku, Mikoto, Itachi, Sarada, Sakura], abilities=[Sharingan, Rinnegan, Sussano, Amateratsu, Intelligence], natureTypes=[Lightning, Fire, Wind, Earth, Water]), Hero(id=2, name=Naruto, image=/images/naruto.jpg, about=Naruto Uzumaki (うずまきナルト, Uzumaki Naruto) is a shinobi of Konohagakure's Uzumaki clan. He became the jinchūriki of the Nine-Tails on the day of his birth — a fate that caused him to be shunned by most of Konoha throughout his childhood. After joining Team Kakashi, Naruto worked hard to gain the village's acknowledgement all the while chasing his dream to become Hokage., rating=5.0, power=98, month=Oct, day=10th, family=[Minato, Kushina, Boruto, Himawari, Hinata], abilities=[Rasengan, Rasen-Shuriken, Shadow Clone, Senin Mode], natureTypes=[Wind, Earth, Lava, Fire]), Hero(id=3, name=Sakura, image=/images/sakura.jpg, about=Sakura Uchiha (うちはサクラ, Uchiha Sakura, née Haruno (春野)) is a kunoichi of Konohagakure. When assigned to Team 7, Sakura quickly finds herself ill-prepared for the duties of a shinobi. However, after training under the Sannin Tsunade, she overcomes this, and becomes recognised as one of the greatest medical-nin in the world., rating=4.5, power=92, month=Mar, day=28th, family=[Kizashi, Mebuki, Sarada, Sasuke], abilities=[Chakra Control, Medical Ninjutsu, Strength, Intelligence], natureTypes=[Earth, Water, Fire])], lastUpdated=1648053436421)&gt;" type="java.lang.AssertionError">java.lang.AssertionError: expected:&lt;ApiResponse(success=true, message=Ok, prevPage=null, nextPage=2, heroes=[Hero(id=1, name=Sasuke, image=/images/sasuke.jpg, about=Sasuke Uchiha (うちはサスケ, Uchiha Sasuke) is one of the last surviving members of Konohagakure's Uchiha clan. After his older brother, Itachi, slaughtered their clan, Sasuke made it his mission in life to avenge them by killing Itachi. He is added to Team 7 upon becoming a ninja and, through competition with his rival and best friend, Naruto Uzumaki., rating=5.0, power=98, month=July, day=23rd, family=[Fugaku, Mikoto, Itachi, Sarada, Sakura], abilities=[Sharingan, Rinnegan, Sussano, Amateratsu, Intelligence], natureTypes=[Lightning, Fire, Wind, Earth, Water]), Hero(id=2, name=Naruto, image=/images/naruto.jpg, about=Naruto Uzumaki (うずまきナルト, Uzumaki Naruto) is a shinobi of Konohagakure's Uzumaki clan. He became the jinchūriki of the Nine-Tails on the day of his birth — a fate that caused him to be shunned by most of Konoha throughout his childhood. After joining Team Kakashi, Naruto worked hard to gain the village's acknowledgement all the while chasing his dream to become Hokage., rating=5.0, power=98, month=Oct, day=10th, family=[Minato, Kushina, Boruto, Himawari, Hinata], abilities=[Rasengan, Rasen-Shuriken, Shadow Clone, Senin Mode], natureTypes=[Wind, Earth, Lava, Fire]), Hero(id=3, name=Sakura, image=/images/sakura.jpg, about=Sakura Uchiha (うちはサクラ, Uchiha Sakura, née Haruno (春野)) is a kunoichi of Konohagakure. When assigned to Team 7, Sakura quickly finds herself ill-prepared for the duties of a shinobi. However, after training under the Sannin Tsunade, she overcomes this, and becomes recognised as one of the greatest medical-nin in the world., rating=4.5, power=92, month=Mar, day=28th, family=[Kizashi, Mebuki, Sarada, Sasuke], abilities=[Chakra Control, Medical Ninjutsu, Strength, Intelligence], natureTypes=[Earth, Water, Fire])], lastUpdated=null)&gt; but was:&lt;ApiResponse(success=true, message=Ok, prevPage=null, nextPage=2, heroes=[Hero(id=1, name=Sasuke, image=/images/sasuke.jpg, about=Sasuke Uchiha (うちはサスケ, Uchiha Sasuke) is one of the last surviving members of Konohagakure's Uchiha clan. After his older brother, Itachi, slaughtered their clan, Sasuke made it his mission in life to avenge them by killing Itachi. He is added to Team 7 upon becoming a ninja and, through competition with his rival and best friend, Naruto Uzumaki., rating=5.0, power=98, month=July, day=23rd, family=[Fugaku, Mikoto, Itachi, Sarada, Sakura], abilities=[Sharingan, Rinnegan, Sussano, Amateratsu, Intelligence], natureTypes=[Lightning, Fire, Wind, Earth, Water]), Hero(id=2, name=Naruto, image=/images/naruto.jpg, about=Naruto Uzumaki (うずまきナルト, Uzumaki Naruto) is a shinobi of Konohagakure's Uzumaki clan. He became the jinchūriki of the Nine-Tails on the day of his birth — a fate that caused him to be shunned by most of Konoha throughout his childhood. After joining Team Kakashi, Naruto worked hard to gain the village's acknowledgement all the while chasing his dream to become Hokage., rating=5.0, power=98, month=Oct, day=10th, family=[Minato, Kushina, Boruto, Himawari, Hinata], abilities=[Rasengan, Rasen-Shuriken, Shadow Clone, Senin Mode], natureTypes=[Wind, Earth, Lava, Fire]), Hero(id=3, name=Sakura, image=/images/sakura.jpg, about=Sakura Uchiha (うちはサクラ, Uchiha Sakura, née Haruno (春野)) is a kunoichi of Konohagakure. When assigned to Team 7, Sakura quickly finds herself ill-prepared for the duties of a shinobi. However, after training under the Sannin Tsunade, she overcomes this, and becomes recognised as one of the greatest medical-nin in the world., rating=4.5, power=92, month=Mar, day=28th, family=[Kizashi, Mebuki, Sarada, Sasuke], abilities=[Chakra Control, Medical Ninjutsu, Strength, Intelligence], natureTypes=[Earth, Water, Fire])], lastUpdated=1648053436421)&gt;
	at org.junit.Assert.fail(Assert.java:89)
	at org.junit.Assert.failNotEquals(Assert.java:835)
	at org.junit.Assert.assertEquals(Assert.java:120)
	at kotlin.test.junit.JUnitAsserter.assertEquals(JUnitSupport.kt:32)
	at kotlin.test.AssertionsKt__AssertionsKt.assertEquals(Assertions.kt:63)
	at kotlin.test.AssertionsKt.assertEquals(Unknown Source)
	at kotlin.test.AssertionsKt__AssertionsKt.assertEquals$default(Assertions.kt:62)
	at kotlin.test.AssertionsKt.assertEquals$default(Unknown Source)
	at com.arifahmadalfian.ApplicationTest$access all heroes endpoint, assert correct information$2.invoke(ApplicationTest.kt:53)
	at com.arifahmadalfian.ApplicationTest$access all heroes endpoint, assert correct information$2.invoke(ApplicationTest.kt:37)
	at io.ktor.server.testing.TestEngineKt$withTestApplication$1.invoke(TestEngine.kt:68)
	at io.ktor.server.testing.TestEngineKt$withTestApplication$1.invoke(TestEngine.kt:66)
	at io.ktor.server.testing.TestEngineKt.withApplication(TestEngine.kt:49)
	at io.ktor.server.testing.TestEngineKt.withApplication$default(TestEngine.kt:41)
	at io.ktor.server.testing.TestEngineKt.withTestApplication(TestEngine.kt:66)
	at com.arifahmadalfian.ApplicationTest.access all heroes endpoint, assert correct information(ApplicationTest.kt:37)
	at java.base/jdk.internal.reflect.NativeMethodAccessorImpl.invoke0(Native Method)
	at java.base/jdk.internal.reflect.NativeMethodAccessorImpl.invoke(NativeMethodAccessorImpl.java:62)
	at java.base/jdk.internal.reflect.DelegatingMethodAccessorImpl.invoke(DelegatingMethodAccessorImpl.java:43)
	at java.base/java.lang.reflect.Method.invoke(Method.java:566)
	at org.junit.runners.model.FrameworkMethod$1.runReflectiveCall(FrameworkMethod.java:59)
	at org.junit.internal.runners.model.ReflectiveCallable.run(ReflectiveCallable.java:12)
	at org.junit.runners.model.FrameworkMethod.invokeExplosively(FrameworkMethod.java:56)
	at org.junit.internal.runners.statements.InvokeMethod.evaluate(InvokeMethod.java:17)
	at org.junit.runners.ParentRunner$3.evaluate(ParentRunner.java:306)
	at org.junit.runners.BlockJUnit4ClassRunner$1.evaluate(BlockJUnit4ClassRunner.java:100)
	at org.junit.runners.ParentRunner.runLeaf(ParentRunner.java:366)
	at org.junit.runners.BlockJUnit4ClassRunner.runChild(BlockJUnit4ClassRunner.java:103)
	at org.junit.runners.BlockJUnit4ClassRunner.runChild(BlockJUnit4ClassRunner.java:63)
	at org.junit.runners.ParentRunner$4.run(ParentRunner.java:331)
	at org.junit.runners.ParentRunner$1.schedule(ParentRunner.java:79)
	at org.junit.runners.ParentRunner.runChildren(ParentRunner.java:329)
	at org.junit.runners.ParentRunner.access$100(ParentRunner.java:66)
	at org.junit.runners.ParentRunner$2.evaluate(ParentRunner.java:293)
	at org.junit.runners.ParentRunner$3.evaluate(ParentRunner.java:306)
	at org.junit.runners.ParentRunner.run(ParentRunner.java:413)
	at org.gradle.api.internal.tasks.testing.junit.JUnitTestClassExecutor.runTestClass(JUnitTestClassExecutor.java:110)
	at org.gradle.api.internal.tasks.testing.junit.JUnitTestClassExecutor.execute(JUnitTestClassExecutor.java:58)
	at org.gradle.api.internal.tasks.testing.junit.JUnitTestClassExecutor.execute(JUnitTestClassExecutor.java:38)
	at org.gradle.api.internal.tasks.testing.junit.AbstractJUnitTestClassProcessor.processTestClass(AbstractJUnitTestClassProcessor.java:62)
	at org.gradle.api.internal.tasks.testing.SuiteTestClassProcessor.processTestClass(SuiteTestClassProcessor.java:51)
	at java.base/jdk.internal.reflect.NativeMethodAccessorImpl.invoke0(Native Method)
	at java.base/jdk.internal.reflect.NativeMethodAccessorImpl.invoke(NativeMethodAccessorImpl.java:62)
	at java.base/jdk.internal.reflect.DelegatingMethodAccessorImpl.invoke(DelegatingMethodAccessorImpl.java:43)
	at java.base/java.lang.reflect.Method.invoke(Method.java:566)
	at org.gradle.internal.dispatch.ReflectionDispatch.dispatch(ReflectionDispatch.java:36)
	at org.gradle.internal.dispatch.ReflectionDispatch.dispatch(ReflectionDispatch.java:24)
	at org.gradle.internal.dispatch.ContextClassLoaderDispatch.dispatch(ContextClassLoaderDispatch.java:33)
	at org.gradle.internal.dispatch.ProxyDispatchAdapter$DispatchingInvocationHandler.invoke(ProxyDispatchAdapter.java:94)
	at com.sun.proxy.$Proxy2.processTestClass(Unknown Source)
	at org.gradle.api.internal.tasks.testing.worker.TestWorker.processTestClass(TestWorker.java:119)
	at java.base/jdk.internal.reflect.NativeMethodAccessorImpl.invoke0(Native Method)
	at java.base/jdk.internal.reflect.NativeMethodAccessorImpl.invoke(NativeMethodAccessorImpl.java:62)
	at java.base/jdk.internal.reflect.DelegatingMethodAccessorImpl.invoke(DelegatingMethodAccessorImpl.java:43)
	at java.base/java.lang.reflect.Method.invoke(Method.java:566)
	at org.gradle.internal.dispatch.ReflectionDispatch.dispatch(ReflectionDispatch.java:36)
	at org.gradle.internal.dispatch.ReflectionDispatch.dispatch(ReflectionDispatch.java:24)
	at org.gradle.internal.remote.internal.hub.MessageHubBackedObjectConnection$DispatchWrapper.dispatch(MessageHubBackedObjectConnection.java:182)
	at org.gradle.internal.remote.internal.hub.MessageHubBackedObjectConnection$DispatchWrapper.dispatch(MessageHubBackedObjectConnection.java:164)
	at org.gradle.internal.remote.internal.hub.MessageHub$Handler.run(MessageHub.java:414)
	at org.gradle.internal.concurrent.ExecutorPolicy$CatchAndRecordFailures.onExecute(ExecutorPolicy.java:64)
	at org.gradle.internal.concurrent.ManagedExecutorImpl$1.run(ManagedExecutorImpl.java:48)
	at java.base/java.util.concurrent.ThreadPoolExecutor.runWorker(ThreadPoolExecutor.java:1128)
	at java.base/java.util.concurrent.ThreadPoolExecutor$Worker.run(ThreadPoolExecutor.java:628)
	at org.gradle.internal.concurrent.ThreadFactoryImpl$ManagedThreadRunnable.run(ThreadFactoryImpl.java:56)
	at java.base/java.lang.Thread.run(Thread.java:834)
</failure>
  </testcase>
  <testcase name="access all heroes endpoint, query non existing page number, assert error" classname="com.arifahmadalfian.ApplicationTest" time="0.229"/>
  <system-out><![CDATA[2022-03-23 23:37:10.953 [Test worker] INFO  ktor.test - Autoreload is disabled because the development mode is off.
2022-03-23 23:37:11.031 [Test worker] INFO  ktor.test - Application started in 0.688 seconds.
2022-03-23 23:37:11.234 [Test worker] INFO  [Koin] - loaded 1 definitions - 12.4298 ms
]]></system-out>
  <system-err><![CDATA[]]></system-err>
</testsuite>
